Log started at 06.10.2024	01:46:47
Number of used processors (NPROC): 16.
Number of mesh partitions (NPART): 16.
Total Physical Memory = 31.22 Gb, Available Physical Memory = 17.19 Gb
Computer name:	ENZON
Operating system:	Windows 11 (or higher) (Version 10.0.22631)

Commandline:	"C:\Program Files\SOLIDWORKS Corp\SOLIDWORKS Flow Simulation\BINCFW\efdsolver.exe" /config:"C:\Users\anson\Desktop\2\2.xmlconfig" /guid:ea1e4df1-d308-438a-be11-7df47a26b737 /processors:max /m /s /prjnamelm:"Flow Simulation 2024" /prjnamehabout:"Flow Simulation 2024" /companyname:"COSMOS Applications" /prjaliasid:1002 /lang:English /port:50827

SOLIDWORKS 2024 SP1.0
Flow Simulation 2024  x64 / 6234

Project: C:\Users\anson\Desktop\2\2.xmlconfig
Configuration name: Default
Project name: Project(1)
Problem type: internal-type
Exclude cavities without flow conditions: ON
NGK: OFF
MBO: OFF
-----------------------------------------------------------------------
Mesher option run = eRunMesherNormal
-----------------------------------------------------------------------

Mesh generation started:	6.10.2024	1:46:47
-----------------------------------------------------------------------
Memory Working Set Current = 15.73 Mb, Memory Working Set Peak = 15.73 Mb
Memory Private Bytes Current = 17.57 Mb, Memory Private Bytes Peak = 17.57 Mb
Process Threads Number: 7
-----------------------------------------------------------------------
Mesher adjust APD = OFF; AdjustAPD_method=0; N_per_Channel = 0; N2_per_Channel = 0
Current CPU = 0 sec
-----------------------------------------------------------------------
Geometries initialization:
-----------------------------------------------------------------------
Loading mesh settings (global/local)...
-----------------------------------------------------------------------
Number of geometries from DB: 1
Geometry(0):
	Guid = {f489829d-5116-4335-b591-34b6f051bfcc}
	Fluid..
	1 Body.
	1 Real body.
	-- Bodyset 0 --
		Tolerance=3.05011e-05.
		83 Face(s).
			83 of b-spline type.
		0 Face(s) that have no ref faces
		50 Plane surface(s).
		12 Cylinder surface(s).
		3 Cone surface(s).
		8 Torus surface(s).
		10 B- surface(s).
		41720 Triangle(s).
		Getting triangle connectivities from DB: 0.003 s
		218 Edge(s).
			218 of b-spline type.
		BodyGeom reading: 0.016 s.
		77 Reference Face(s).
		41708 Reference Triangles.
		Getting triangle connectivities from DB (Ref): 0.002 s
		BodyGeom Ref reading: 0.004 s.
Geometry(1):
	Solid.
	-- Bodyset 1 --
	Empty
-----------------------------------------------------------------------
Number of geometries in task: 2
	G : 0	Type: Fluid	Bodies: 1		Faces: 83		Edges: 218		Triangles: 41720
	G : 1	Type: Solid	Bodies: 0		Faces: 0		Edges: 0		Triangles: 0
Number of bodysets in task: 2

Bodies:     1
Faces:      83
Edges:      218
Triangles:  41720
-----------------------------------------------------------------------
BodySet (0):
	Making hash and connectivity for Bodyset ...
		CBodyGeom:
		Hash size: {40, 24, 40}.
		Mesh size: {10, 12, 10}.
		Hashing triangles...Ok.
			axis(0) tr sizes: average=88 max=916
			axis(1) tr sizes: average=54 max=515
			axis(2) tr sizes: average=88 max=915
		Number of t-connected sets:2 (cavity=1)
		CBodyGeomRef:
		Hashing triangles...Ok.
			axis(0) tr sizes: average=517 max=3096
			axis(1) tr sizes: average=578 max=2277
			axis(2) tr sizes: average=517 max=3088
	0.0204 s.
Geometries reading and preparing has taken 0.050 s.
-----------------------------------------------------------------------
Mapped triangles:
Hashing rough geometry(bodies) triangulation:
BodySet (0):
	Triangles num=41720
	Triangles box={0.00471972 ,0.14528 ,0.0011818 ,0.173818 ,0.00471972 ,0.14528}
		3d-hash size is 248036 bytes
BodySet (1):
no log info (empty stream)

Hashing peculiar surfaces triangles:
Surface triangles (0):
	Triangles num=99
	Triangles box={0.0400394 ,0.10996 ,0.00152604 ,0.00152604 ,0.0400394 ,0.10996}
		3d-hash size is 7092 bytes
Surface triangles (1):
	Triangles num=116
	Triangles box={0.00107451 ,0.148925 ,0.12 ,0.12 ,0.001 ,0.149}
		3d-hash size is 7144 bytes
Surface triangles (2):
	Triangles num=94
	Triangles box={0.0353984 ,0.116377 ,0.173474 ,0.173474 ,0.0354274 ,0.114573}
		3d-hash size is 6168 bytes
Surface triangles (3):
	Triangles num=90
	Triangles box={0.0450129 ,0.104975 ,0.004 ,0.006 ,0.0450005 ,0.104938}
		3d-hash size is 5328 bytes
Surface triangles (4):
	Triangles num=73
	Triangles box={0.0473153 ,0.101235 ,0.16535 ,0.16535 ,0.0480056 ,0.101994}
		3d-hash size is 5456 bytes
Surface triangles (5):
	Triangles num=73
	Triangles box={0.0473153 ,0.101235 ,0.13535 ,0.13535 ,0.0480056 ,0.101994}
		3d-hash size is 5456 bytes

Mapped triangles processed in 0.018 s.
-----------------------------------------------------------------------
-----------------------------------------------------------------------
Getting sectors:
Number of sectors: 0
-----------------------------------------------------------------------
Current CPU = 0 sec
-----------------------------------------------------------------------
Memory Working Set Current = 48.52 Mb, Memory Working Set Peak = 60.29 Mb
Memory Private Bytes Current = 49.57 Mb, Memory Private Bytes Peak = 61.02 Mb
Process Threads Number: 22
-----------------------------------------------------------------------
-----------------------------------------------------------------------
Checking faces on CD...
FCD = [0 0 0 0 0 0]
FCD_conflicts = 0
Time (check faces on CD)=0.000 s
-----------------------------------------------------------------------

-----------------------------------------------------------------------
Mesh dimensions:
				I[0 ]=10
				I[1 ]=12
				I[2 ]=10

Comp. domain size:
				a[0  ]=0.00486
				a[1  ]=0.14514
				a[2  ]=0.00135409
				a[3  ]=0.173646
				a[4  ]=0.00486
				a[5  ]=0.14514

Fluid calculated			1
Solid calculated			0
-----------------------------------------------------------------------
MESH Build started...
-----------------------------------------------------------------------
Mesh LEVEL = 2
-----------------------------------------------------------------------
-----------------------------------------------------------------------
CPT-mode xeps:
	D / dh / eps [axis=0] = (0.14028, 0.0035059, 3.5059e-06)
	D / dh / eps [axis=1] = (0.172292, 0.00358844, 3.58844e-06)
	D / dh / eps [axis=2] = (0.14028, 0.00350619, 3.50619e-06)
-----------------------------------------------------------------------
Initial allocation and brick-body-box intersection...OK (0.000 s)
Initial triangle brick intersection...OK (0.000 s)
Setting regions (1200 / 1200)...OK (0.000 s)
-----------------------------------------------------------------------
Base mesh info:
	3D task
	Nx=10
	Ny=12
	Nz=10
	N(Nx*Ny*Nz) = 120
	Period    axis=[0, 0, 0]
	Symmetry  ni=[0 0 0 0 0 0]
	ZoomingBC ni=[0 0 0 0 0 0]
	Nx=10
		x[0]=0.00486
		x[1]=0.0188924
		x[2]=0.0329204
		x[3]=0.0469484
		x[4]=0.0609764
		x[5]=0.0750044
		x[6]=0.0890324
		x[7]=0.10306
		x[8]=0.117088
		x[9]=0.131116
		x[10]=0.14514
	Ny=12
		y[0]=0.00135409
		y[1]=0.0157156
		y[2]=0.0300733
		y[3]=0.0444309
		y[4]=0.0587886
		y[5]=0.0731463
		y[6]=0.0875039
		y[7]=0.101862
		y[8]=0.116219
		y[9]=0.130577
		y[10]=0.144935
		y[11]=0.159292
		y[12]=0.173646
	Nz=10
		z[0]=0.00486
		z[1]=0.0188912
		z[2]=0.0329192
		z[3]=0.0469472
		z[4]=0.0609752
		z[5]=0.0750032
		z[6]=0.0890312
		z[7]=0.103059
		z[8]=0.117087
		z[9]=0.131115
		z[10]=0.14514
-----------------------------------------------------------------------
Input_mesh_settings--------------------------------
Settings 0----------------
	Scope: GLOBAL
	Type:	------MESHER_SETTINGS----------
	RefAllCells           =0
	RefFluidCells         =0
	RefPartCells          =0
	RefSolidCells         =0
	l_SSFR(Capture crit)  =1
	l_curv(Curvature crit)=0
	l_tol(Tolerance crit) =1
	  k_tol               =0.00547723
	UseChannelRef         =1
	  NCR_method          =0
	  l_NCR               =2
	  N_gap               =5
	  Use d_NCR_min       =0
	  Use d_NCR_max       =0
	CloseThinSlotsHeight         =0
	--END_OF_MESHER_SETTINGS-------
End of input mesh settings-------------------------
-----------------------------------------------------------------------
Memory Working Set Current = 49.71 Mb, Memory Working Set Peak = 60.29 Mb
Memory Private Bytes Current = 51.07 Mb, Memory Private Bytes Peak = 61.02 Mb
Process Threads Number: 22
-----------------------------------------------------------------------
MMP (msh): locals=16, allc_sz=0.37 MB, used_sz=0.14 MB, blks-min-max=1/3
MMP (brx): locals=16, allc_sz=0.27 MB, used_sz=0.15 MB, blks-min-max=1/2
MMP (bcf): locals=0, allc_sz=0.00 MB, used_sz=0.00 MB, blks-min-max=0/0
MMP (xsl): locals=0, allc_sz=0.00 MB, used_sz=0.00 MB, blks-min-max=0/0
NxNyNz = [10, 12, 10]
base_dx=0.0141379; 
NxNyNz_reverse = [10, 12, 10]

-----------------------------------------------------------------------
Refining geometries:
-----------------------------------------------------------------------

-----------------------------------------------------------------------
Refining by triangulation...
Refinement input: 1200 bricks
	Checking crit (1200 / 1200)...114 marked (0.024 s)
	Time(refinement): 0.000 s
Setting regions (912 / 1998)...OK (0.000 s)
	Checking crit (912 / 1998)...120 marked (0.005 s)
	Time(refinement): 0.000 s
Setting regions (1152 / 3006)...OK (0.000 s)
	Checking crit (192 / 3006)...0 marked (0.000 s)
Refinement result (2 iterations): 3006 bricks (0.031 s)
Refinement input: 3006 bricks
	Checking crit (2046 / 3006)...0 marked (0.001 s)
Refinement result (0 iterations): 3006 bricks (0.001 s)
Collecting and processing rays:
	Adding rays...OK (0.000 s)
	new bricks = 3006 / 3006
	new rays   = 1336 (x=384, y=546, z=406)
	Processing rays...
		Rays process:  0.005 (0.005) s
		Sort xstacks:  0.000 (0.000) s
		Put xstacks:   0.000 (0.000) s
		Total:         0.005 s
	Correcting rays...
		Lame vertices: 0.000 (0.000) s
		Bad rays:      0.000 (0.000) s
		Emit rays:     0.000 (0.000) s
		Correct ray f: 0.000 (0.000) s
		Undef:         0.000 (0.000) s
		Sum:           0.000 (0.000) s
		Total:         0.000 s
	Time (rays): 0.006 s
Capturing (3006 / 3006)...
Capturing takes (0.000 s)
Refining by triangulation takes 0.038 s
-----------------------------------------------------------------------

-----------------------------------------------------------------------
Refining peculiar surfaces...
	Surface (0) time: 0.000 s
	Surface (1) time: 0.000 s
	Surface (2) time: 0.000 s
	Surface (3) time: 0.000 s
Refinement input: 3006 bricks
	Time(refinement): 0.000 s
Setting regions (64 / 3062)...OK (0.000 s)
Refinement result (1 iterations): 3062 bricks (0.000 s)
	Surface (3) time: 0.000 s
	Surface (4) time: 0.000 s
	Surface (5) time: 0.000 s
Collecting and processing rays:
	Adding rays...OK (0.000 s)
	new bricks = 64 / 3062
	new rays   = 0 (x=0, y=0, z=0)
	Processing rays...
		Rays process:  0.000 (0.000) s
		Sort xstacks:  0.000 (0.000) s
		Put xstacks:   0.000 (0.000) s
		Total:         0.000 s
	Correcting rays...
		Total:         0.000 s
	Time (rays): 0.000 s
Capturing (64 / 3062)...
Capturing takes (0.000 s)
1 surfaces refined
Refining peculiar surfaces takes 0.001 s
-----------------------------------------------------------------------

-----------------------------------------------------------------------
Base mesh 1 Refining...
Collecting and processing rays:
	Adding rays...OK (0.000 s)
	new bricks = 0 / 3062
	new rays   = 0 (x=0, y=0, z=0)
	Processing rays...
		Rays process:  0.000 (0.000) s
		Sort xstacks:  0.000 (0.000) s
		Put xstacks:   0.000 (0.000) s
		Total:         0.000 s
	Correcting rays...
		Total:         0.000 s
	Time (rays): 0.000 s
Capturing (0 / 3062)...
Capturing takes (0.000 s)
Refinement input: 3062 bricks
	Checking crit (2038 / 3062)...0 marked (0.000 s)
Refinement result (0 iterations): 3062 bricks (0.000 s)
-----------------------------------------------------------------------
Refining channels...
FYI: CNarrowChannelRefiner::RefineChannels_PRLL
Refinement input: 3062 bricks
	Time(refinement): 0.000 s
Setting regions (3400 / 6037)...OK (0.000 s)
Refinement result (1 iterations): 6037 bricks (0.001 s)
Collecting and processing rays:
	Adding rays...OK (0.000 s)
	new bricks = 3400 / 6037
	new rays   = 686 (x=256, y=185, z=245)
	Processing rays...
		Rays process:  0.000 (0.000) s
		Sort xstacks:  0.000 (0.000) s
		Put xstacks:   0.000 (0.000) s
		Total:         0.001 s
	Correcting rays...
		Lame vertices: 0.000 (0.000) s
		Bad rays:      0.000 (0.000) s
		Emit rays:     0.000 (0.000) s
		Correct ray f: 0.000 (0.000) s
		Undef:         0.000 (0.000) s
		Sum:           0.000 (0.000) s
		Total:         0.000 s
	Time (rays): 0.001 s
Capturing (3400 / 6037)...
Capturing takes (0.000 s)
FYI: m_iteration_count = 0
Level1 statistics:
     level1_cnt_plus[1]=3400;		level1_cnt_minus[1]=0
     level1_cnt_plus[2]=0;		level1_cnt_minus[2]=0
     level1_cnt_plus[3]=0;		level1_cnt_minus[3]=0
     level1_cnt_plus[4]=0;		level1_cnt_minus[4]=0
     level1_cnt_plus[5]=0;		level1_cnt_minus[5]=0
     level1_cnt_plus[6]=0;		level1_cnt_minus[6]=0
     level1_cnt_plus[7]=0;		level1_cnt_minus[7]=0
     level1_cnt_plus[8]=0;		level1_cnt_minus[8]=0
     level1_cnt_plus[9]=0;		level1_cnt_minus[9]=0
Refinement input: 6037 bricks
	Time(refinement): 0.000 s
Setting regions (272 / 6275)...OK (0.000 s)
Refinement result (1 iterations): 6275 bricks (0.001 s)
Collecting and processing rays:
	Adding rays...OK (0.000 s)
	new bricks = 272 / 6275
	new rays   = 5 (x=0, y=0, z=5)
	Processing rays...
		Rays process:  0.000 (0.000) s
		Sort xstacks:  0.000 (0.000) s
		Put xstacks:   0.000 (0.000) s
		Total:         0.000 s
	Correcting rays...
		Lame vertices: 0.000 (0.000) s
		Bad rays:      0.000 (0.000) s
		Emit rays:     0.000 (0.000) s
		Correct ray f: 0.000 (0.000) s
		Undef:         0.000 (0.000) s
		Sum:           0.000 (0.000) s
		Total:         0.000 s
	Time (rays): 0.001 s
Capturing (272 / 6275)...
Capturing takes (0.000 s)
FYI: m_iteration_count = 1
Level1 statistics:
     level1_cnt_plus[1]=3672;		level1_cnt_minus[1]=0
     level1_cnt_plus[2]=0;		level1_cnt_minus[2]=0
     level1_cnt_plus[3]=0;		level1_cnt_minus[3]=0
     level1_cnt_plus[4]=0;		level1_cnt_minus[4]=0
     level1_cnt_plus[5]=0;		level1_cnt_minus[5]=0
     level1_cnt_plus[6]=0;		level1_cnt_minus[6]=0
     level1_cnt_plus[7]=0;		level1_cnt_minus[7]=0
     level1_cnt_plus[8]=0;		level1_cnt_minus[8]=0
     level1_cnt_plus[9]=0;		level1_cnt_minus[9]=0
Refinement input: 6275 bricks
	Time(refinement): 0.000 s
Setting regions (16 / 6289)...OK (0.000 s)
Refinement result (1 iterations): 6289 bricks (0.000 s)
Collecting and processing rays:
	Adding rays...OK (0.000 s)
	new bricks = 16 / 6289
	new rays   = 6 (x=0, y=6, z=0)
	Processing rays...
		Rays process:  0.000 (0.000) s
		Sort xstacks:  0.000 (0.000) s
		Put xstacks:   0.000 (0.000) s
		Total:         0.000 s
	Correcting rays...
		Lame vertices: 0.000 (0.000) s
		Bad rays:      0.000 (0.000) s
		Emit rays:     0.000 (0.000) s
		Correct ray f: 0.000 (0.000) s
		Undef:         0.000 (0.000) s
		Sum:           0.000 (0.000) s
		Total:         0.000 s
	Time (rays): 0.001 s
Capturing (16 / 6289)...
Capturing takes (0.000 s)
FYI: m_iteration_count = 2
Level1 statistics:
     level1_cnt_plus[1]=3688;		level1_cnt_minus[1]=0
     level1_cnt_plus[2]=0;		level1_cnt_minus[2]=0
     level1_cnt_plus[3]=0;		level1_cnt_minus[3]=0
     level1_cnt_plus[4]=0;		level1_cnt_minus[4]=0
     level1_cnt_plus[5]=0;		level1_cnt_minus[5]=0
     level1_cnt_plus[6]=0;		level1_cnt_minus[6]=0
     level1_cnt_plus[7]=0;		level1_cnt_minus[7]=0
     level1_cnt_plus[8]=0;		level1_cnt_minus[8]=0
     level1_cnt_plus[9]=0;		level1_cnt_minus[9]=0
Refinement input: 6289 bricks
	Time(refinement): 0.000 s
Setting regions (16 / 6303)...OK (0.000 s)
Refinement result (1 iterations): 6303 bricks (0.000 s)
Collecting and processing rays:
	Adding rays...OK (0.000 s)
	new bricks = 16 / 6303
	new rays   = 0 (x=0, y=0, z=0)
	Processing rays...
		Rays process:  0.000 (0.000) s
		Sort xstacks:  0.000 (0.000) s
		Put xstacks:   0.000 (0.000) s
		Total:         0.000 s
	Correcting rays...
		Total:         0.000 s
	Time (rays): 0.000 s
Capturing (16 / 6303)...
Capturing takes (0.000 s)
FYI: m_iteration_count = 3
Level1 statistics:
     level1_cnt_plus[1]=3704;		level1_cnt_minus[1]=0
     level1_cnt_plus[2]=0;		level1_cnt_minus[2]=0
     level1_cnt_plus[3]=0;		level1_cnt_minus[3]=0
     level1_cnt_plus[4]=0;		level1_cnt_minus[4]=0
     level1_cnt_plus[5]=0;		level1_cnt_minus[5]=0
     level1_cnt_plus[6]=0;		level1_cnt_minus[6]=0
     level1_cnt_plus[7]=0;		level1_cnt_minus[7]=0
     level1_cnt_plus[8]=0;		level1_cnt_minus[8]=0
     level1_cnt_plus[9]=0;		level1_cnt_minus[9]=0
Refinement input: 6303 bricks
	Time(refinement): 0.000 s
Setting regions (16 / 6317)...OK (0.000 s)
Refinement result (1 iterations): 6317 bricks (0.000 s)
Collecting and processing rays:
	Adding rays...OK (0.000 s)
	new bricks = 16 / 6317
	new rays   = 14 (x=8, y=6, z=0)
	Processing rays...
		Rays process:  0.000 (0.000) s
		Sort xstacks:  0.000 (0.000) s
		Put xstacks:   0.000 (0.000) s
		Total:         0.000 s
	Correcting rays...
		Lame vertices: 0.000 (0.000) s
		Bad rays:      0.000 (0.000) s
		Emit rays:     0.000 (0.000) s
		Correct ray f: 0.000 (0.000) s
		Undef:         0.000 (0.000) s
		Sum:           0.000 (0.000) s
		Total:         0.000 s
	Time (rays): 0.001 s
Capturing (16 / 6317)...
Capturing takes (0.000 s)
FYI: m_iteration_count = 4
Level1 statistics:
     level1_cnt_plus[1]=3720;		level1_cnt_minus[1]=0
     level1_cnt_plus[2]=0;		level1_cnt_minus[2]=0
     level1_cnt_plus[3]=0;		level1_cnt_minus[3]=0
     level1_cnt_plus[4]=0;		level1_cnt_minus[4]=0
     level1_cnt_plus[5]=0;		level1_cnt_minus[5]=0
     level1_cnt_plus[6]=0;		level1_cnt_minus[6]=0
     level1_cnt_plus[7]=0;		level1_cnt_minus[7]=0
     level1_cnt_plus[8]=0;		level1_cnt_minus[8]=0
     level1_cnt_plus[9]=0;		level1_cnt_minus[9]=0
FYI: m_iteration_count = 5
Level1 statistics:
     level1_cnt_plus[1]=3720;		level1_cnt_minus[1]=0
     level1_cnt_plus[2]=0;		level1_cnt_minus[2]=0
     level1_cnt_plus[3]=0;		level1_cnt_minus[3]=0
     level1_cnt_plus[4]=0;		level1_cnt_minus[4]=0
     level1_cnt_plus[5]=0;		level1_cnt_minus[5]=0
     level1_cnt_plus[6]=0;		level1_cnt_minus[6]=0
     level1_cnt_plus[7]=0;		level1_cnt_minus[7]=0
     level1_cnt_plus[8]=0;		level1_cnt_minus[8]=0
     level1_cnt_plus[9]=0;		level1_cnt_minus[9]=0
Refinement input: 6317 bricks
	Time(refinement): 0.001 s
Setting regions (8232 / 13520)...OK (0.000 s)
Refinement result (1 iterations): 13520 bricks (0.001 s)
Collecting and processing rays:
	Adding rays...OK (0.000 s)
	new bricks = 8232 / 13520
	new rays   = 1127 (x=381, y=373, z=373)
	Processing rays...
		Rays process:  0.001 (0.001) s
		Sort xstacks:  0.000 (0.000) s
		Put xstacks:   0.000 (0.000) s
		Total:         0.001 s
	Correcting rays...
		Lame vertices: 0.001 (0.001) s
		Bad rays:      0.000 (0.000) s
		Emit rays:     0.000 (0.000) s
		Correct ray f: 0.000 (0.000) s
		Undef:         0.000 (0.000) s
		Sum:           0.001 (0.001) s
		Total:         0.001 s
	Time (rays): 0.003 s
Capturing (8232 / 13520)...
Capturing takes (0.001 s)
FYI: m_iteration_count = 6
Level1 statistics:
     level1_cnt_plus[1]=8514;		level1_cnt_minus[1]=0
     level1_cnt_plus[2]=3056;		level1_cnt_minus[2]=0
     level1_cnt_plus[3]=0;		level1_cnt_minus[3]=0
     level1_cnt_plus[4]=0;		level1_cnt_minus[4]=0
     level1_cnt_plus[5]=0;		level1_cnt_minus[5]=0
     level1_cnt_plus[6]=0;		level1_cnt_minus[6]=0
     level1_cnt_plus[7]=0;		level1_cnt_minus[7]=0
     level1_cnt_plus[8]=0;		level1_cnt_minus[8]=0
     level1_cnt_plus[9]=0;		level1_cnt_minus[9]=0
Refinement input: 13520 bricks
	Time(refinement): 0.000 s
Setting regions (752 / 14178)...OK (0.000 s)
Refinement result (1 iterations): 14178 bricks (0.001 s)
Collecting and processing rays:
	Adding rays...OK (0.000 s)
	new bricks = 752 / 14178
	new rays   = 116 (x=9, y=102, z=5)
	Processing rays...
		Rays process:  0.000 (0.000) s
		Sort xstacks:  0.000 (0.000) s
		Put xstacks:   0.000 (0.000) s
		Total:         0.000 s
	Correcting rays...
		Lame vertices: 0.000 (0.000) s
		Bad rays:      0.000 (0.000) s
		Emit rays:     0.000 (0.000) s
		Correct ray f: 0.000 (0.000) s
		Undef:         0.000 (0.000) s
		Sum:           0.000 (0.000) s
		Total:         0.000 s
	Time (rays): 0.001 s
Capturing (752 / 14178)...
Capturing takes (0.000 s)
FYI: m_iteration_count = 7
Level1 statistics:
     level1_cnt_plus[1]=8681;		level1_cnt_minus[1]=0
     level1_cnt_plus[2]=3576;		level1_cnt_minus[2]=0
     level1_cnt_plus[3]=0;		level1_cnt_minus[3]=0
     level1_cnt_plus[4]=0;		level1_cnt_minus[4]=0
     level1_cnt_plus[5]=0;		level1_cnt_minus[5]=0
     level1_cnt_plus[6]=0;		level1_cnt_minus[6]=0
     level1_cnt_plus[7]=0;		level1_cnt_minus[7]=0
     level1_cnt_plus[8]=0;		level1_cnt_minus[8]=0
     level1_cnt_plus[9]=0;		level1_cnt_minus[9]=0
Refinement input: 14178 bricks
	Time(refinement): 0.000 s
Setting regions (24 / 14199)...OK (0.000 s)
Refinement result (1 iterations): 14199 bricks (0.000 s)
Collecting and processing rays:
	Adding rays...OK (0.000 s)
	new bricks = 24 / 14199
	new rays   = 0 (x=0, y=0, z=0)
	Processing rays...
		Rays process:  0.000 (0.000) s
		Sort xstacks:  0.000 (0.000) s
		Put xstacks:   0.000 (0.000) s
		Total:         0.000 s
	Correcting rays...
		Total:         0.000 s
	Time (rays): 0.000 s
Capturing (24 / 14199)...
Capturing takes (0.000 s)
FYI: m_iteration_count = 8
Level1 statistics:
     level1_cnt_plus[1]=8678;		level1_cnt_minus[1]=0
     level1_cnt_plus[2]=3600;		level1_cnt_minus[2]=0
     level1_cnt_plus[3]=0;		level1_cnt_minus[3]=0
     level1_cnt_plus[4]=0;		level1_cnt_minus[4]=0
     level1_cnt_plus[5]=0;		level1_cnt_minus[5]=0
     level1_cnt_plus[6]=0;		level1_cnt_minus[6]=0
     level1_cnt_plus[7]=0;		level1_cnt_minus[7]=0
     level1_cnt_plus[8]=0;		level1_cnt_minus[8]=0
     level1_cnt_plus[9]=0;		level1_cnt_minus[9]=0
FYI: m_iteration_count = 9
Level1 statistics:
     level1_cnt_plus[1]=8678;		level1_cnt_minus[1]=0
     level1_cnt_plus[2]=3600;		level1_cnt_minus[2]=0
     level1_cnt_plus[3]=0;		level1_cnt_minus[3]=0
     level1_cnt_plus[4]=0;		level1_cnt_minus[4]=0
     level1_cnt_plus[5]=0;		level1_cnt_minus[5]=0
     level1_cnt_plus[6]=0;		level1_cnt_minus[6]=0
     level1_cnt_plus[7]=0;		level1_cnt_minus[7]=0
     level1_cnt_plus[8]=0;		level1_cnt_minus[8]=0
     level1_cnt_plus[9]=0;		level1_cnt_minus[9]=0
Level1 statistics:
     level1_cnt_plus[1]=8678;		level1_cnt_minus[1]=0
     level1_cnt_plus[2]=3600;		level1_cnt_minus[2]=0
     level1_cnt_plus[3]=0;		level1_cnt_minus[3]=0
     level1_cnt_plus[4]=0;		level1_cnt_minus[4]=0
     level1_cnt_plus[5]=0;		level1_cnt_minus[5]=0
     level1_cnt_plus[6]=0;		level1_cnt_minus[6]=0
     level1_cnt_plus[7]=0;		level1_cnt_minus[7]=0
     level1_cnt_plus[8]=0;		level1_cnt_minus[8]=0
     level1_cnt_plus[9]=0;		level1_cnt_minus[9]=0

-----------------------------------------------------------------------
U-shapes refinement...
Refinement input: 14199 bricks
	Checking crit (4487 / 14199)...0 marked (0.000 s)
Refinement result (0 iterations): 14199 bricks (0.000 s)
Collecting and processing rays:
	Adding rays...OK (0.000 s)
	new bricks = 0 / 14199
	new rays   = 0 (x=0, y=0, z=0)
	Processing rays...
		Rays process:  0.000 (0.000) s
		Sort xstacks:  0.000 (0.000) s
		Put xstacks:   0.000 (0.000) s
		Total:         0.000 s
	Correcting rays...
		Total:         0.000 s
	Time (rays): 0.000 s
Capturing (0 / 14199)...
Capturing takes (0.000 s)
-----------------------------------------------------------------------

-----------------------------------------------------------------------
Equi Distant Refiner:
Equi Distant Refiner takes 0.00 s
-----------------------------------------------------------------------

/-Ray Intersection---------------/ Time	0.060 s
Calls                3290
CorrectRay Calls     0



-----------------------------------------------------------------------
Refining geometries takes 0.111 s
-----------------------------------------------------------------------
-----------------------------------------------------------------------
Memory Working Set Current = 87.07 Mb, Memory Working Set Peak = 87.07 Mb
Memory Private Bytes Current = 94.54 Mb, Memory Private Bytes Peak = 94.54 Mb
Process Threads Number: 22
-----------------------------------------------------------------------
Defect ray count	0
-----------------------------------------------------------------------
CNarrowChannelRefiner::RedistributeLevel1_step_1_new: started...
	PrePass:                     15878
	Distribute level_1 on level = 0
	Front spread algorithm. Partition count = 16
	Time (front spread): 0.000 s
	Groups count = 0
	Changed level 1 count = 0
	Distribute level_1 on level = 1
	Front spread algorithm. Partition count = 16
	Time (front spread): 0.000 s
	Groups count = 5
	Changed level 1 count = 0
	Distribute level_1 on level = 2
	Front spread algorithm. Partition count = 16
	Time (front spread): 0.000 s
	Groups count = 4
	Changed level 1 count = 3811
	AfterPass:                   19689
CNarrowChannelRefiner::RedistributeLevel1_step_1_new: finished in 0.003 s
Level1 statistics:
     level1_cnt_plus[1]=4867;		level1_cnt_minus[1]=0
     level1_cnt_plus[2]=7411;		level1_cnt_minus[2]=0
     level1_cnt_plus[3]=0;		level1_cnt_minus[3]=0
     level1_cnt_plus[4]=0;		level1_cnt_minus[4]=0
     level1_cnt_plus[5]=0;		level1_cnt_minus[5]=0
     level1_cnt_plus[6]=0;		level1_cnt_minus[6]=0
     level1_cnt_plus[7]=0;		level1_cnt_minus[7]=0
     level1_cnt_plus[8]=0;		level1_cnt_minus[8]=0
     level1_cnt_plus[9]=0;		level1_cnt_minus[9]=0
CNarrowChannelRefiner::RedistributeLevel1_step_2: started...
	PrePass(step2):                     19689
	Brick chains count: 10701
	Level 1 changed: 10720 / 14199
	Sum (level 1 changed): 17737
	AfterPass(step2):                   21544
CNarrowChannelRefiner::RedistributeLevel1_step_2: finished in 0.024 s
Level1 statistics:
     level1_cnt_plus[1]=5024;		level1_cnt_minus[1]=0
     level1_cnt_plus[2]=8260;		level1_cnt_minus[2]=0
     level1_cnt_plus[3]=0;		level1_cnt_minus[3]=0
     level1_cnt_plus[4]=0;		level1_cnt_minus[4]=0
     level1_cnt_plus[5]=0;		level1_cnt_minus[5]=0
     level1_cnt_plus[6]=0;		level1_cnt_minus[6]=0
     level1_cnt_plus[7]=0;		level1_cnt_minus[7]=0
     level1_cnt_plus[8]=0;		level1_cnt_minus[8]=0
     level1_cnt_plus[9]=0;		level1_cnt_minus[9]=0
CNarrowChannelRefiner::RedistributeLevel1_step_3_new: started...
	PrePass(step3):                     21544
	Distribute level_1 on level = 0
	Front spread algorithm. Partition count = 16
	Time (front spread): 0.000 s
	Groups count = 1
	Changed level 1 count = 0
	Distribute level_1 on level = 1
	Front spread algorithm. Partition count = 16
	Time (front spread): 0.000 s
	Groups count = 0
	Changed level 1 count = 0
	Distribute level_1 on level = 2
	Front spread algorithm. Partition count = 16
	Time (front spread): 0.000 s
	Groups count = 20
	Changed level 1 count = 44
	AfterPass(step3):                   21632
CNarrowChannelRefiner::RedistributeLevel1_step_3_new: finished in 0.001 s
Level1 statistics:
     level1_cnt_plus[1]=5024;		level1_cnt_minus[1]=0
     level1_cnt_plus[2]=8260;		level1_cnt_minus[2]=44
     level1_cnt_plus[3]=0;		level1_cnt_minus[3]=0
     level1_cnt_plus[4]=0;		level1_cnt_minus[4]=0
     level1_cnt_plus[5]=0;		level1_cnt_minus[5]=0
     level1_cnt_plus[6]=0;		level1_cnt_minus[6]=0
     level1_cnt_plus[7]=0;		level1_cnt_minus[7]=0
     level1_cnt_plus[8]=0;		level1_cnt_minus[8]=0
     level1_cnt_plus[9]=0;		level1_cnt_minus[9]=0
MMP (ncr): locals=16, allc_sz=42.84 MB, used_sz=38.82 MB, blks-min-max=18/22
-----------------------------------------------------------------------
MSH format builder (Iteration 0)
-----------------------------------------------------------------------
Memory Working Set Current = 64.99 Mb, Memory Working Set Peak = 102.64 Mb
Memory Private Bytes Current = 73.13 Mb, Memory Private Bytes Peak = 110.65 Mb
Process Threads Number: 22
-----------------------------------------------------------------------
Total bricks count: 14199
-----------------------------------------------------------------------
MSH (Real Geometry) format constructor:
	Geom    Count = 2
	Bodyset Count = 2
	3D task
	Getting parser brick sets...OK (0.000 s)

	Min x-stack xeps = 0.000135571
	D / dh / eps [axis=0] = (0.14028, 0.0035059, 3.5059e-06)
	D / dh / eps [axis=1] = (0.172292, 0.00358844, 3.58844e-06)
	D / dh / eps [axis=2] = (0.14028, 0.00350619, 3.50619e-06)
	Time (xeps): 0.000 s
Level 2
	Set (0)  size: 4856
	Set (0)  time: 0.016 s
	Set (1)  size: 4856
	Set (1)  time: 0.016 s
Level 1
	Set (0)  size: 1965
	Set (0)  time: 0.004 s
	Set (1)  size: 1965
	Set (1)  time: 0.004 s
Level 0
	Set (0)  size: 278
	Set (0)  time: 0.001 s
	Set (1)  size: 279
	Set (1)  time: 0.000 s

	Spread npq bricks...1 marked (0.000 s)

Result:
	Bricks number:                        14199

	Memory usage:                         4.752 MB
	Memory usage (per brick):             0.343 KB
	Construction time:                    0.042 s

	Topology features:
	------------------
	- High quality bricks                  100.00 % (14199)
	- Medium quality bricks                  0.00 % (0)
	- Bad quality bricks                     0.00 % (0)
	- NPQ bricks                             0.04 % (5)
	- Type-1 bricks                         51.76 % (7350)
	- Ribs corrected bricks                  0.00 % (0)
	- Points with geom-info (bricks)         0.00 % (0)
	- Points with closest-info (bricks)      0.00 % (0)
	- Triangulated by center (bricks)        0.03 % (4)
	- Facet w-faces mergings (bricks)        0.00 % (0)
	- To refine (bricks)                     0.00 % (0)
	- Points-count                           0.00 % (0)
	- T-self-intersection-all (bricks)       0.00 % (0)
	- T-self-intersection-simple (bricks)    0.00 % (0)
	- T-self-intersection-complex (bricks)   0.00 % (0)
	- NPQ by reason 1 u-shape                0.00 % (0)
	- NPQ by reason 2 tri-by-ctr             0.03 % (4)
	- NPQ by reason 3 ray-correction         0.00 % (0)
	- NPQ by reason 4 t-self-intersection    0.00 % (0)
	- NPQ by reason 5 non-good               0.00 % (0)
	- NPQ by reason 6 npq-worker             0.00 % (0)

-----------------------------------------------------------------------
Memory Working Set Current = 82.50 Mb, Memory Working Set Peak = 102.64 Mb
Memory Private Bytes Current = 87.28 Mb, Memory Private Bytes Peak = 110.65 Mb
Process Threads Number: 22
-----------------------------------------------------------------------
-----------------------------------------------------------------------
msh-iterations: 1
-----------------------------------------------------------------------
high---q-brick-count = 100.00 % (14199 14199)
medium-q-brick-count =   0.00 % (14199 0)
bad----q-brick-count =   0.00 % (14199 0)
np-----q-brick-count =   0.04 % (14199 6)
-----------------------------------------------------------------------
Free brick parser storage...OK(0.002 s)
-----------------------------------------------------------------------
Memory Working Set Current = 79.99 Mb, Memory Working Set Peak = 102.64 Mb
Memory Private Bytes Current = 86.14 Mb, Memory Private Bytes Peak = 110.65 Mb
Process Threads Number: 22
-----------------------------------------------------------------------
-----------------------------------------------------------------------
MSH --> BCF format (Iteration 0)...
BCF collector...(remove mode=0)
	Time (alloc counter per brick): 0.000 s
	Brick    count: 14199
	Av.f all count: 10947
	Av.s all count: 11570
	Av.f pid count: 7577
	Av.s pid count: 8091
	Faces fs count: 15163
	Faces ff count: 0
	Faces ss count: 0
	Faces bb count: 0
	Faces fe count: 0
	Faces se count: 2612
	Faces fw count: 17775
	Faces af count: 30183
	Faces as count: 31210
	Time (all count): 	0.001 s
	Time (bcf alloc): 	0.001 s
	Time (shifts alloc): 	0.000 s
	Time (shifts init): 	0.000 s
	Time (bcf fill): 	0.002 s
	Time (add av to faces): 0.000 s
	Time (add faces to av): 0.001 s
Time (bcf collect): 		0.007 s
	AV checker...
		Hole marker...
	Front spread algorithm. Partition count = 16
	Front spread algorithm. Partition count = 16
	Time (front spread): 0.001 s
	Time (front spread): 0.001 s
			Subdomains:               1.
			Subdomains (cond):        1.
			Time (subdomain constructors): 0.001 s.
			Time (potential-hole marking): 	0.000 s
	Front spread algorithm. Partition count = 16
	Time (front spread): 0.000 s
			Hole av set size = 0
			Hole checking...
			Time (hole checking): 0.000 s.
			0 av(s) are marked to fill 0 subdomain holes.
		Time (hole marker): 0.002 s.
	Time (check av): 	0.003 s
	Subdomain checker...
	Front spread algorithm. Partition count = 16
	Time (front spread): 0.001 s
		Subdomains construction time: 0.001 s.
		Subdomains sort time: 0.000 s.
			Subdomain 0 (geom_ind=0): 10947 av
			Subdomain 1 (geom_ind=1): 11570 av
		gi: 0, real bodies: 1
		gi: 0, subdomains:  1
		gi: 1, real bodies: 0
		gi: 1, subdomains:  1
		Defect subdomains: 0
	Time (check subdoms): 	0.001 s
Time (bcf iteration total): 	0.012 s
	Sum of fw-nb: 		7133
	Time (fw-nb): 		0.000 s
	Fixed mutual fw-nb:     7133 (bb: 0)
	Time (fw-nb mutual): 	0.001 s
	Time (fw-nb sort): 	0.000 s
	Fw-opt BEFORE total:    17775 (fs=15163, ff=0, ss=0)
	Fw-opt AFTER  total:    13206 (fs=10594, ff=0, ss=0, failed fw/br=0/0, big_curv=8, big_poly=0)
	Fw-opt RESULT:          4569 (res/(fs+ff+ss) = 30.13 %)
	Time (fw-opt): 		0.001 s
	Time (fw-re-order): 	0.001 s
	Sum of fw-nb: 		27015
	Time (fw-nb): 		0.002 s
	Fixed mutual fw-nb:     27015 (bb: 0)
	Time (fw-nb mutual): 	0.001 s
	Time (fw-nb sort): 	0.000 s
	Time (rfd fix): 	0.000 s
	Time (av convexity): 	0.001 s
	Time (av small volume): 0.000 s
	Time (diagonal fw-nb): 	0.006 s
	Fixed mutual fw-nb:     0 (bb: 0)
	Time (fw-nb mutual): 	0.001 s
	Time (fw-nb sort): 	0.000 s
	Front spread algorithm. Partition count = 16
	Time (front spread): 0.000 s
	Fluid subdomains: 1
	Faces fw-nb diff sd:    0
	Time (fw-nb diff sd): 	0.001 s
Time (bcf calc): 		0.018 s
-----------------------------------------------------------------------
Time (bcf total): 		0.030 s
-----------------------------------------------------------------------
bcf-iterations: 1
-----------------------------------------------------------------------
-----------------------------------------------------------------------
Mega-cv constructor for fluid...
	 578 av's is treated as thin
Relative size generator (threshold = 0.05)...
	Iteration 1 (small cluster count = 478)
	Iteration 2 (small cluster count = 169)
	Iteration 3 (small cluster count = 20)
	Iteration 4 (small cluster count = 0)
	 473 mega-cv's generated
	 11 mega-cv's removed
Relative size generator is completed OK (0.001 s)
Apply fa-rules to mega-cv clusters fixes...
	Fa-rule violation fixes:        8 of        8 (total cluster# =      462)
OK (0.001 s)
There are 16 clusters with nbrs connected in more than one axis
Convert clusters:
	 462 mega-cv's total
Mega-cv count: 462
Time (mega-cv fill): 	0.000 s
Time (mega-cv total): 	0.003 s
-----------------------------------------------------------------------
Mixing plane rotation regions: NO.
Sliding mesh rotation regions: NO.
Fluid/fluid faces: NO.
-----------------------------------------------------------------------
Memory Working Set Current = 94.37 Mb, Memory Working Set Peak = 102.64 Mb
Memory Private Bytes Current = 96.61 Mb, Memory Private Bytes Peak = 110.65 Mb
Process Threads Number: 22
-----------------------------------------------------------------------
----------------------------------------------------------
BCF --> BCF.GEOMSUBDOM (bridge arrays):
MESH (0):
	Front spread algorithm. Partition count = 16
	Time (front spread): 0.000 s
	Fluid Subdom Constructor: 1 subdom(s).
	Front spread algorithm. Partition count = 16
	Time (front spread): 0.001 s
	Solid Subdom Constructor: 1 subdom(s).
	Front spread algorithm. Partition count = 16
	Time (front spread): 0.000 s
	Net Asm Subdom Constructor: 0 subdom(s).
	GEOMSUBDOM (0): gi=0 Fluid av=10947 cv=10467 fa=30183 fw=10594 V=1.849707e-03
	Cache data...OK
	GEOMSUBDOM (1): gi=1 Solid av=11570 cv=11570 fa=31210 fw=13206 V=1.540734e-03
	Cache data...OK
	Setting nb of w-faces...OK (0.001 s).
	Correcting nb of w-faces...
	Time(correct_fw_nb)=0.001 s

MESH (0) checking:
	GEOMSUBDOM (0):fa_s=0.6753629275916353 fw_s=0.1349501632400430 fw_nb=84302
	              :d_const(6003)=3.90702e-11 d_linear(5821)=4.12579e-10
	GEOMSUBDOM (1):fa_s=0.5436719846763147 fw_s=0.2709835042747424 fw_nb=95196
	              :d_const(930)=1.73553e-09 d_linear(930)=2.23755e-09
MESH (0) checking: OK.
Time (MDS): 	0.010 s
----------------------------------------------------------
-----------------------------------------------------------------------
Memory Working Set Current = 101.19 Mb, Memory Working Set Peak = 102.64 Mb
Memory Private Bytes Current = 103.64 Mb, Memory Private Bytes Peak = 110.65 Mb
Process Threads Number: 22
-----------------------------------------------------------------------

-----------------------------------------------------------------------
BCF CHECKSUM DATA (Mesh 0):

BRICK |Level1| Sum:               21632
FACE_A Area Sum:   G.Fluid        0.6753629275916356
FACE_A Area Sum:   G.Solid        0.5436719846763146
FACE_W Area Sum:                  0.2709835042747424
FACE_W Nb   Sum:                  95196
FACE_W min curvatures sum:        -246188.75920102
FACE_W max curvatures sum:        416053.17078268
AV Max Disbalance(Const) :        1.73553e-09 (cid=1789, t={27, 3, 10}, avid=12246, pid=766)
AV Max Disbalance(Linear):        2.23755e-09 (cid=1789, t={27, 3, 10}, avid=12246, pid=766)
-----------------------------------------------------------------------


-----------------------------------------------------------------------
MESHER TOPOLOGY DATA:

BRICKS: Total                 14199
BRICKS: Fluid                 10720
BRICKS: Fluid Partial         7350
BRICKS: Type 1                7350
BRICKS: Max AV number         4
BRICKS: |level1| sum          21632


AV:     G.Total               22517
AV:     G.Fluid               10947
AV:     G.Solid               11570

AV:     G.Fluid Thin Profile    6.77 % (741)
AV:     G.Solid Thin Profile    1.94 % (225)

AV:     G.Fluid Thin For Mega   5.28 % (578)
AV:     G.Solid Thin For Mega   1.85 % (214)

AV:     G.Fluid Non-Convex     20.01 % (2190)
AV:     G.Solid Non-Convex     21.37 % (2472)

AV:     G.Fluid Non-Ess-Convex     10.21 % (1118)
AV:     G.Solid Non-Ess-Convex      9.18 % (1062)

FACE_A: G.Fluid          (af) 30183 (partially opened 15936)
FACE_A: G.Solid          (as) 31210 (partially opened 16776)

FACE_W: G.Total                 13206       Brick/Bound
FACE_W: G.Fluid/Solid    (fs_g) 10594       0           
FACE_W: G.Fluid/Fluid    (ff_g) 0           0           
FACE_W: G.Solid/Solid    (ss_g) 0           0           
FACE_W: G.Fluid/Void     (fv_g) 0           0           
FACE_W: G.Fluid/External (fe_g) 0
FACE_W: G.Solid/External (se_g) 2612

AV/CV max fa count (on brick side):5
AV/CV max fw count:                5
AV/CV max fw poly count:           24

MEMORY: Total                   7.821 MB
MEMORY: Per Brick               0.564 KB
-----------------------------------------------------------------------

-----------------------------------------------------------------------
Connectivities information:
	Number of conns: 0
-----------------------------------------------------------------------
	Time (gap size): 	0.005 s
-----------------------------------------------------------------------
Memory Working Set Current = 101.40 Mb, Memory Working Set Peak = 102.64 Mb
Memory Private Bytes Current = 103.69 Mb, Memory Private Bytes Peak = 110.65 Mb
Process Threads Number: 22
-----------------------------------------------------------------------
-----------------------------------------------------------------------
Calculating curvature and tolerance criteria...
Curvature: min=0 (cid=0) max=3.14159 (cid=5054)
Tolerance: min=0 (cid=0) max=0.00348915 (cid=9695)
Calculating curvature and tolerance criteria takes 0.022 s
-----------------------------------------------------------------------
MESH Build(FS) finished. Time=0.268 s
-----------------------------------------------------------------------
Current CPU = 0 sec

Nx=10
Ny=12
Nz=10
Max BRICK Level=2
Mesh Level=2
-----------------CModelBodies2MeshMapper::CollectData started -------------------------------
	Time (collect mesh base data): 0.001 s.
	Time (collect model bodies mapping): 0.000 s.
	Time (collect positive bodies mapping): 0.000 s.
	Time (collect fluid bodies mapping): 0.002 s.
-----------------CModelBodies2MeshMapper Report -------------------------------
FluidDomains 1 SolidDomains 1 VoidDomains 0 
Domains RefIndexes
----------------- -------------------------------
	ModelBodies
Total resolved Bodies 0 BodySets 0

--------------------------------------------------------------------------
	Positive geometry Bodies
Total resolved Bodies 1 BodySets 1
BodySet 0
	Bodies list:
			#0	Name: ;	ID: 51775749-d36a-4ed8-a807-8de6418dbf73
	Domains list:mesh type	 (0, 1)		 0 


--------------------------------------------------------------------------
	Fluid regions
Total resolved Bodies 1 BodySets 2
BodySet 0	Material: Water; 
	Bodies list:
	Domains list:
BodySet 1	Material: Water; 
	Bodies list:
			#0	Name: ;	ID: 51775749-d36a-4ed8-a807-8de6418dbf73
	Domains list:mesh type	 (0, 1)		 0 


--------------------------------------------------------------------------
Collect data takes...0.004 s
-----------------CModelBodies2MeshMapper::CollectData finished successfully-------------------
Saving initial mesh in: C:\Users\anson\Desktop\2\2.fld .
Storing results...
	Estimated CPT size=4.268 MB.
Write section 436 takes 0.000 s
Write section 101 takes 0.000 s
Write section 400 takes 0.001 s
Write section 437 takes 0.001 s
Write mesh/bricks section: 0.002 s
Write section 408 takes 0.012 s
Write section 427 takes 0.001 s
Write msh format: 0.013 s
Write section 406 takes 0.001 s
Write section 405 takes 0.000 s
Write section 401 takes 0.003 s
Write section 402 takes 0.006 s
Write section 407 takes 0.002 s
Write section 421 takes 0.006 s
Write section 404 takes 0.001 s
Write section 416 takes 0.001 s
Write section 411 takes 0.001 s
Write section 413 takes 0.000 s
Write section 432 takes 0.000 s
Write plain bcf: 0.020 s
Write section 448 takes 0.003 s
Write section 446 takes 0.000 s
Write section 516 takes 0.000 s
	Time (write bcf): 0.039 s
X_STACK_LIST::write_x_stack_list4: started...
X_STACK_LIST::write_x_stack_list4: finished in 0.002 s
Storing results takes 0.045 s
-----------------------------------------------------------------------
Memory Working Set Current = 114.27 Mb, Memory Working Set Peak = 114.27 Mb
Memory Private Bytes Current = 115.94 Mb, Memory Private Bytes Peak = 115.94 Mb
Process Threads Number: 22
-----------------------------------------------------------------------
Cleaning memory...
-----------------------------------------------------------------------
Start to free mesher data...
MMP (msh): locals=16, allc_sz=2.26 MB, used_sz=1.95 MB, blks-min-max=3/7
MMP (brx): locals=16, allc_sz=10.31 MB, used_sz=9.21 MB, blks-min-max=12/13
MMP (bcf): locals=16, allc_sz=14.70 MB, used_sz=13.93 MB, blks-min-max=10/32
MMP (xsl): locals=16, allc_sz=0.71 MB, used_sz=0.54 MB, blks-min-max=2/3
Free xsl...            OK	Time=0.001 s
Free ray collector...  OK	Time=0.000 s
Free ray intersector...OK	Time=0.000 s
Free body sets...      OK	Time=0.006 s
Free Geometry DB takes 0.000 s
Free mesh conn...      OK	Time=0.000 s
Free geomsd...         OK	Time=0.000 s
Free mbricks...        OK	Time=0.000 s
Free hash info...      OK	Time=0.000 s
Free bricks-x...       OK	Time=0.000 s
Free bcf...            OK	Time=0.001 s
Free mesh h...         OK	Time=0.000 s
Free bricks arr..      OK	Time=0.000 s
Free bricks tree...    OK	Time=0.000 s
Free mesh pools...     OK	Time=0.005 s
Free bodies mapper...  OK	Time=0.000 s
Free geom crits...     OK	Time=0.000 s
Free cpt regions...    OK	Time=0.000 s
Free peculiar surfs... OK	Time=0.000 s
Free sw-geometries...  OK	Time=0.000 s
Total free mesher data time: 0.014 s
-----------------------------------------------------------------------
Copying... OK
CPT size=2.966 MB (3110270 bytes).
Mesh generation normally finished at	6.10.2024	1:46:47
Mesher CPU = 0 sec
Mesher is finished at	6.10.2024	1:46:47
-----------------------------------------------------------------------
Memory Working Set Current = 45.27 Mb, Memory Working Set Peak = 114.27 Mb
Memory Private Bytes Current = 43.73 Mb, Memory Private Bytes Peak = 115.94 Mb
Process Threads Number: 22
-----------------------------------------------------------------------
Algebra Pool      : mem_usage = 0.25 Mb, allocated count = 0
-----------------------------------------------------------------------
Memory Working Set Current = 45.10 Mb, Memory Working Set Peak = 114.27 Mb
Memory Private Bytes Current = 43.54 Mb, Memory Private Bytes Peak = 115.94 Mb
Process Threads Number: 22
Process Threads Number Peak: 22
-----------------------------------------------------------------------
Log ended at 06.10.2024	01:46:47
