Log started at 16.10.2024	20:51:48
Number of used processors (NPROC): 16.
Number of mesh partitions (NPART): 16.
Total Physical Memory = 31.22 Gb, Available Physical Memory = 15.69 Gb
Computer name:	ENZON
Operating system:	Windows 11 (or higher) (Version 10.0.22631)

Commandline:	"C:\Program Files\SOLIDWORKS Corp\SOLIDWORKS Flow Simulation\BINCFW\efdsolver.exe" /config:"C:\Users\anson\Desktop\Gen1_Vacuum\Acrylic_tube_ver\1\1.xmlconfig" /guid:67c934de-382d-4976-aa98-47c39237503b /processors:max /m /s /prjnamelm:"Flow Simulation 2024" /prjnamehabout:"Flow Simulation 2024" /companyname:"COSMOS Applications" /prjaliasid:1002 /lang:English /port:56883

SOLIDWORKS 2024 SP1.0
Flow Simulation 2024  x64 / 6234

Project: C:\Users\anson\Desktop\Gen1_Vacuum\Acrylic_tube_ver\1\1.xmlconfig
Configuration name: Default
Project name: Project(1)
Problem type: internal-type
Exclude cavities without flow conditions: ON
NGK: OFF
MBO: OFF
-----------------------------------------------------------------------
Mesher option run = eRunMesherNormal
-----------------------------------------------------------------------

Mesh generation started:	16.10.2024	20:51:48
-----------------------------------------------------------------------
Memory Working Set Current = 15.86 Mb, Memory Working Set Peak = 15.86 Mb
Memory Private Bytes Current = 17.70 Mb, Memory Private Bytes Peak = 17.70 Mb
Process Threads Number: 7
-----------------------------------------------------------------------
Mesher adjust APD = OFF; AdjustAPD_method=0; N_per_Channel = 0; N2_per_Channel = 0
Current CPU = 0 sec
-----------------------------------------------------------------------
Geometries initialization:
-----------------------------------------------------------------------
Loading mesh settings (global/local)...
-----------------------------------------------------------------------
Number of geometries from DB: 1
Geometry(0):
	Guid = {9ad1375f-0f0a-474b-a8fc-88198e249424}
	Fluid..
	2 Bodies.
	1 Real body.
	-- Bodyset 0 --
		Tolerance=3.88946e-05.
		232 Face(s).
			232 of b-spline type.
		0 Face(s) that have no ref faces
		81 Plane surface(s).
		77 Cylinder surface(s).
		2 Cone surface(s).
		3 Sphere surface(s).
		30 Torus surface(s).
		32 B- surface(s).
		7 Extrude surface(s).
		57896 Triangle(s).
		Getting triangle connectivities from DB: 0.005 s
		483 Edge(s).
			483 of b-spline type.
		BodyGeom reading: 0.039 s.
		226 Reference Face(s).
		57884 Reference Triangles.
		Getting triangle connectivities from DB (Ref): 0.006 s
		BodyGeom Ref reading: 0.011 s.
Geometry(1):
	Solid.
	-- Bodyset 1 --
	Empty
-----------------------------------------------------------------------
Number of geometries in task: 2
	G : 0	Type: Fluid	Bodies: 1		Faces: 232		Edges: 483		Triangles: 57896
	G : 1	Type: Solid	Bodies: 0		Faces: 0		Edges: 0		Triangles: 0
Number of bodysets in task: 2

Bodies:     1
Faces:      232
Edges:      483
Triangles:  57896
-----------------------------------------------------------------------
BodySet (0):
	Making hash and connectivity for Bodyset ...
		CBodyGeom:
		Hash size: {32, 40, 32}.
		Mesh size: {8, 20, 8}.
		Hashing triangles...Ok.
			axis(0) tr sizes: average=91 max=1752
			axis(1) tr sizes: average=106 max=670
			axis(2) tr sizes: average=91 max=1591
		Number of t-connected sets:3 (cavity=1)
		CBodyGeomRef:
		Hashing triangles...Ok.
			axis(0) tr sizes: average=534 max=5052
			axis(1) tr sizes: average=1134 max=4005
			axis(2) tr sizes: average=532 max=4245
	0.0484 s.
Geometries reading and preparing has taken 0.123 s.
-----------------------------------------------------------------------
Mapped triangles:
Hashing rough geometry(bodies) triangulation:
BodySet (0):
	Triangles num=57896
	Triangles box={0.00975976 ,0.13024 ,-0.0358654 ,0.288889 ,0.00975976 ,0.13024}
		3d-hash size is 336812 bytes
BodySet (1):
no log info (empty stream)

Hashing peculiar surfaces triangles:
Surface triangles (0):
	Triangles num=75
	Triangles box={0.0460658 ,0.0949076 ,-0.0361404 ,-0.00770087 ,0.0464507 ,0.0952024}
		3d-hash size is 6340 bytes
Surface triangles (1):
	Triangles num=144
	Triangles box={0.00832042 ,0.131687 ,0.288242 ,0.288242 ,0.00830391 ,0.131697}
		3d-hash size is 8552 bytes
Surface triangles (2):
	Triangles num=97
	Triangles box={0.0200948 ,0.12 ,0.05 ,0.05 ,0.0200237 ,0.119976}
		3d-hash size is 6072 bytes
Surface triangles (3):
	Triangles num=66
	Triangles box={0.0430922 ,0.0969078 ,0.25185 ,0.25185 ,0.0455739 ,0.0995739}
		3d-hash size is 5756 bytes
Surface triangles (4):
	Triangles num=66
	Triangles box={0.0430922 ,0.0969078 ,0.22185 ,0.22185 ,0.0455739 ,0.0995739}
		3d-hash size is 5756 bytes

Mapped triangles processed in 0.037 s.
-----------------------------------------------------------------------
-----------------------------------------------------------------------
Getting sectors:
Number of sectors: 0
-----------------------------------------------------------------------
Current CPU = 0 sec
-----------------------------------------------------------------------
Memory Working Set Current = 58.85 Mb, Memory Working Set Peak = 71.30 Mb
Memory Private Bytes Current = 59.72 Mb, Memory Private Bytes Peak = 72.05 Mb
Process Threads Number: 22
-----------------------------------------------------------------------
-----------------------------------------------------------------------
Checking faces on CD...
FCD = [0 0 0 0 0 0]
FCD_conflicts = 0
Time (check faces on CD)=0.001 s
-----------------------------------------------------------------------

-----------------------------------------------------------------------
Mesh dimensions:
				I[0 ]=8
				I[1 ]=20
				I[2 ]=8

Comp. domain size:
				a[0  ]=0.00988
				a[1  ]=0.13012
				a[2  ]=-0.0355413
				a[3  ]=0.288565
				a[4  ]=0.00988
				a[5  ]=0.13012

Fluid calculated			1
Solid calculated			0
-----------------------------------------------------------------------
MESH Build started...
-----------------------------------------------------------------------
Mesh LEVEL = 1
-----------------------------------------------------------------------
-----------------------------------------------------------------------
CPT-mode xeps:
	D / dh / eps [axis=0] = (0.12024, 0.00751264, 7.51264e-06)
	D / dh / eps [axis=1] = (0.324107, 0.00810046, 8.10046e-06)
	D / dh / eps [axis=2] = (0.12024, 0.00751327, 7.51327e-06)
-----------------------------------------------------------------------
Initial allocation and brick-body-box intersection...OK (0.000 s)
Initial triangle brick intersection...OK (0.000 s)
Setting regions (1280 / 1280)...OK (0.000 s)
-----------------------------------------------------------------------
Base mesh info:
	3D task
	Nx=8
	Ny=20
	Nz=8
	N(Nx*Ny*Nz) = 160
	Period    axis=[0, 0, 0]
	Symmetry  ni=[0 0 0 0 0 0]
	ZoomingBC ni=[0 0 0 0 0 0]
	Nx=8
		x[0]=0.00988
		x[1]=0.0249147
		x[2]=0.0399447
		x[3]=0.0549747
		x[4]=0.0700047
		x[5]=0.0850347
		x[6]=0.100065
		x[7]=0.115095
		x[8]=0.13012
	Ny=20
		y[0]=-0.0355413
		y[1]=-0.0193316
		y[2]=-0.00312624
		y[3]=0.0130791
		y[4]=0.0292844
		y[5]=0.0454898
		y[6]=0.0616951
		y[7]=0.0779004
		y[8]=0.0941057
		y[9]=0.110311
		y[10]=0.126516
		y[11]=0.142722
		y[12]=0.158927
		y[13]=0.175132
		y[14]=0.191338
		y[15]=0.207543
		y[16]=0.223748
		y[17]=0.239954
		y[18]=0.256159
		y[19]=0.272364
		y[20]=0.288565
	Nz=8
		z[0]=0.00988
		z[1]=0.0249135
		z[2]=0.0399435
		z[3]=0.0549735
		z[4]=0.0700035
		z[5]=0.0850335
		z[6]=0.100063
		z[7]=0.115093
		z[8]=0.13012
-----------------------------------------------------------------------
Input_mesh_settings--------------------------------
Settings 0----------------
	Scope: GLOBAL
	Type:	------MESHER_SETTINGS----------
	RefAllCells           =0
	RefFluidCells         =0
	RefPartCells          =0
	RefSolidCells         =0
	l_SSFR(Capture crit)  =1
	l_curv(Curvature crit)=0
	l_tol(Tolerance crit) =0
	UseChannelRef         =1
	  NCR_method          =0
	  l_NCR               =1
	  N_gap               =5
	  Use d_NCR_min       =0
	  Use d_NCR_max       =0
	CloseThinSlotsHeight         =0
	--END_OF_MESHER_SETTINGS-------
End of input mesh settings-------------------------
-----------------------------------------------------------------------
Memory Working Set Current = 60.19 Mb, Memory Working Set Peak = 71.30 Mb
Memory Private Bytes Current = 62.36 Mb, Memory Private Bytes Peak = 72.05 Mb
Process Threads Number: 22
-----------------------------------------------------------------------
MMP (msh): locals=16, allc_sz=0.34 MB, used_sz=0.15 MB, blks-min-max=1/3
MMP (brx): locals=16, allc_sz=0.34 MB, used_sz=0.16 MB, blks-min-max=1/2
MMP (bcf): locals=0, allc_sz=0.00 MB, used_sz=0.00 MB, blks-min-max=0/0
MMP (xsl): locals=0, allc_sz=0.00 MB, used_sz=0.00 MB, blks-min-max=0/0
NxNyNz = [8, 20, 8]
base_dx=0.0154218; 
NxNyNz_reverse = [8, 21, 8]

-----------------------------------------------------------------------
Refining geometries:
-----------------------------------------------------------------------

-----------------------------------------------------------------------
Refining by triangulation...
Refinement input: 1280 bricks
	Checking crit (1280 / 1280)...188 marked (0.055 s)
	Time(refinement): 0.000 s
Setting regions (1504 / 2596)...OK (0.000 s)
	Checking crit (0 / 2596)...0 marked (0.000 s)
Refinement result (1 iterations): 2596 bricks (0.057 s)
Refinement input: 2596 bricks
	Checking crit (1092 / 2596)...0 marked (0.000 s)
Refinement result (0 iterations): 2596 bricks (0.001 s)
Collecting and processing rays:
	Adding rays...OK (0.000 s)
	new bricks = 2596 / 2596
	new rays   = 1037 (x=382, y=277, z=378)
	Processing rays...
		Rays process:  0.011 (0.011) s
		Sort xstacks:  0.000 (0.000) s
		Put xstacks:   0.000 (0.000) s
		Total:         0.012 s
	Correcting rays...
		Lame vertices: 0.000 (0.000) s
		Bad rays:      0.000 (0.000) s
		Emit rays:     0.000 (0.000) s
		Correct ray f: 0.000 (0.000) s
		Undef:         0.000 (0.000) s
		Sum:           0.000 (0.000) s
		Total:         0.001 s
	Time (rays): 0.013 s
Capturing (2596 / 2596)...
Capturing takes (0.000 s)
Refining by triangulation takes 0.072 s
-----------------------------------------------------------------------

-----------------------------------------------------------------------
Refining peculiar surfaces...
	Surface (0) time: 0.000 s
	Surface (1) time: 0.000 s
	Surface (2) time: 0.000 s
Refinement input: 2596 bricks
	Time(refinement): 0.000 s
Setting regions (256 / 2820)...OK (0.000 s)
Refinement result (1 iterations): 2820 bricks (0.000 s)
	Surface (2) time: 0.000 s
	Surface (3) time: 0.000 s
Refinement input: 2820 bricks
	Time(refinement): 0.000 s
Setting regions (64 / 2876)...OK (0.000 s)
Refinement result (1 iterations): 2876 bricks (0.000 s)
	Surface (3) time: 0.000 s
	Surface (4) time: 0.000 s
Collecting and processing rays:
	Adding rays...OK (0.000 s)
	new bricks = 320 / 2876
	new rays   = 30 (x=14, y=0, z=16)
	Processing rays...
		Rays process:  0.000 (0.000) s
		Sort xstacks:  0.000 (0.000) s
		Put xstacks:   0.000 (0.000) s
		Total:         0.000 s
	Correcting rays...
		Lame vertices: 0.000 (0.000) s
		Bad rays:      0.000 (0.000) s
		Emit rays:     0.000 (0.000) s
		Correct ray f: 0.000 (0.000) s
		Undef:         0.000 (0.000) s
		Sum:           0.000 (0.000) s
		Total:         0.000 s
	Time (rays): 0.001 s
Capturing (320 / 2876)...
Capturing takes (0.000 s)
2 surfaces refined
Refining peculiar surfaces takes 0.003 s
-----------------------------------------------------------------------

-----------------------------------------------------------------------
Base mesh 1 Refining...
Collecting and processing rays:
	Adding rays...OK (0.000 s)
	new bricks = 0 / 2876
	new rays   = 0 (x=0, y=0, z=0)
	Processing rays...
		Rays process:  0.000 (0.000) s
		Sort xstacks:  0.000 (0.000) s
		Put xstacks:   0.000 (0.000) s
		Total:         0.000 s
	Correcting rays...
		Total:         0.000 s
	Time (rays): 0.000 s
Capturing (0 / 2876)...
Capturing takes (0.000 s)
Refinement input: 2876 bricks
	Checking crit (1052 / 2876)...0 marked (0.000 s)
Refinement result (0 iterations): 2876 bricks (0.000 s)
-----------------------------------------------------------------------
Refining channels...
FYI: CNarrowChannelRefiner::RefineChannels_PRLL
Refinement input: 2876 bricks
	Time(refinement): 0.000 s
Setting regions (3536 / 5970)...OK (0.000 s)
Refinement result (1 iterations): 5970 bricks (0.001 s)
Collecting and processing rays:
	Adding rays...OK (0.000 s)
	new bricks = 3536 / 5970
	new rays   = 443 (x=211, y=0, z=232)
	Processing rays...
		Rays process:  0.000 (0.000) s
		Sort xstacks:  0.000 (0.000) s
		Put xstacks:   0.000 (0.000) s
		Total:         0.001 s
	Correcting rays...
		Lame vertices: 0.000 (0.000) s
		Bad rays:      0.000 (0.000) s
		Emit rays:     0.000 (0.000) s
		Correct ray f: 0.000 (0.000) s
		Undef:         0.000 (0.000) s
		Sum:           0.000 (0.000) s
		Total:         0.001 s
	Time (rays): 0.002 s
Capturing (3536 / 5970)...
Capturing takes (0.000 s)
FYI: m_iteration_count = 0
Level1 statistics:
     level1_cnt_plus[1]=3536;		level1_cnt_minus[1]=0
     level1_cnt_plus[2]=0;		level1_cnt_minus[2]=0
     level1_cnt_plus[3]=0;		level1_cnt_minus[3]=0
     level1_cnt_plus[4]=0;		level1_cnt_minus[4]=0
     level1_cnt_plus[5]=0;		level1_cnt_minus[5]=0
     level1_cnt_plus[6]=0;		level1_cnt_minus[6]=0
     level1_cnt_plus[7]=0;		level1_cnt_minus[7]=0
     level1_cnt_plus[8]=0;		level1_cnt_minus[8]=0
     level1_cnt_plus[9]=0;		level1_cnt_minus[9]=0
Refinement input: 5970 bricks
	Time(refinement): 0.000 s
Setting regions (160 / 6110)...OK (0.000 s)
Refinement result (1 iterations): 6110 bricks (0.001 s)
Collecting and processing rays:
	Adding rays...OK (0.000 s)
	new bricks = 160 / 6110
	new rays   = 1 (x=0, y=0, z=1)
	Processing rays...
		Rays process:  0.000 (0.000) s
		Sort xstacks:  0.000 (0.000) s
		Put xstacks:   0.000 (0.000) s
		Total:         0.000 s
	Correcting rays...
		Lame vertices: 0.000 (0.000) s
		Bad rays:      0.000 (0.000) s
		Emit rays:     0.000 (0.000) s
		Correct ray f: 0.000 (0.000) s
		Undef:         0.000 (0.000) s
		Sum:           0.000 (0.000) s
		Total:         0.000 s
	Time (rays): 0.001 s
Capturing (160 / 6110)...
Capturing takes (0.000 s)
FYI: m_iteration_count = 1
Level1 statistics:
     level1_cnt_plus[1]=3696;		level1_cnt_minus[1]=0
     level1_cnt_plus[2]=0;		level1_cnt_minus[2]=0
     level1_cnt_plus[3]=0;		level1_cnt_minus[3]=0
     level1_cnt_plus[4]=0;		level1_cnt_minus[4]=0
     level1_cnt_plus[5]=0;		level1_cnt_minus[5]=0
     level1_cnt_plus[6]=0;		level1_cnt_minus[6]=0
     level1_cnt_plus[7]=0;		level1_cnt_minus[7]=0
     level1_cnt_plus[8]=0;		level1_cnt_minus[8]=0
     level1_cnt_plus[9]=0;		level1_cnt_minus[9]=0
FYI: m_iteration_count = 2
Level1 statistics:
     level1_cnt_plus[1]=3696;		level1_cnt_minus[1]=0
     level1_cnt_plus[2]=0;		level1_cnt_minus[2]=0
     level1_cnt_plus[3]=0;		level1_cnt_minus[3]=0
     level1_cnt_plus[4]=0;		level1_cnt_minus[4]=0
     level1_cnt_plus[5]=0;		level1_cnt_minus[5]=0
     level1_cnt_plus[6]=0;		level1_cnt_minus[6]=0
     level1_cnt_plus[7]=0;		level1_cnt_minus[7]=0
     level1_cnt_plus[8]=0;		level1_cnt_minus[8]=0
     level1_cnt_plus[9]=0;		level1_cnt_minus[9]=0
Level1 statistics:
     level1_cnt_plus[1]=3696;		level1_cnt_minus[1]=0
     level1_cnt_plus[2]=0;		level1_cnt_minus[2]=0
     level1_cnt_plus[3]=0;		level1_cnt_minus[3]=0
     level1_cnt_plus[4]=0;		level1_cnt_minus[4]=0
     level1_cnt_plus[5]=0;		level1_cnt_minus[5]=0
     level1_cnt_plus[6]=0;		level1_cnt_minus[6]=0
     level1_cnt_plus[7]=0;		level1_cnt_minus[7]=0
     level1_cnt_plus[8]=0;		level1_cnt_minus[8]=0
     level1_cnt_plus[9]=0;		level1_cnt_minus[9]=0

-----------------------------------------------------------------------
U-shapes refinement...
Refinement input: 6110 bricks
	Checking crit (590 / 6110)...0 marked (0.000 s)
Refinement result (0 iterations): 6110 bricks (0.000 s)
Collecting and processing rays:
	Adding rays...OK (0.000 s)
	new bricks = 0 / 6110
	new rays   = 0 (x=0, y=0, z=0)
	Processing rays...
		Rays process:  0.000 (0.000) s
		Sort xstacks:  0.000 (0.000) s
		Put xstacks:   0.000 (0.000) s
		Total:         0.000 s
	Correcting rays...
		Total:         0.000 s
	Time (rays): 0.001 s
Capturing (0 / 6110)...
Capturing takes (0.000 s)
-----------------------------------------------------------------------

-----------------------------------------------------------------------
Equi Distant Refiner:
Equi Distant Refiner takes 0.00 s
-----------------------------------------------------------------------

/-Ray Intersection---------------/ Time	0.112 s
Calls                1511
CorrectRay Calls     0



-----------------------------------------------------------------------
Refining geometries takes 0.132 s
-----------------------------------------------------------------------
-----------------------------------------------------------------------
Memory Working Set Current = 77.09 Mb, Memory Working Set Peak = 77.09 Mb
Memory Private Bytes Current = 82.55 Mb, Memory Private Bytes Peak = 82.55 Mb
Process Threads Number: 22
-----------------------------------------------------------------------
Defect ray count	0
-----------------------------------------------------------------------
CNarrowChannelRefiner::RedistributeLevel1_step_1_new: started...
	PrePass:                     3696
	Distribute level_1 on level = 0
	Front spread algorithm. Partition count = 16
	Time (front spread): 0.000 s
	Groups count = 0
	Changed level 1 count = 0
	Distribute level_1 on level = 1
	Front spread algorithm. Partition count = 16
	Time (front spread): 0.000 s
	Groups count = 11
	Changed level 1 count = 0
	AfterPass:                   3696
CNarrowChannelRefiner::RedistributeLevel1_step_1_new: finished in 0.002 s
Level1 statistics:
     level1_cnt_plus[1]=3696;		level1_cnt_minus[1]=0
     level1_cnt_plus[2]=0;		level1_cnt_minus[2]=0
     level1_cnt_plus[3]=0;		level1_cnt_minus[3]=0
     level1_cnt_plus[4]=0;		level1_cnt_minus[4]=0
     level1_cnt_plus[5]=0;		level1_cnt_minus[5]=0
     level1_cnt_plus[6]=0;		level1_cnt_minus[6]=0
     level1_cnt_plus[7]=0;		level1_cnt_minus[7]=0
     level1_cnt_plus[8]=0;		level1_cnt_minus[8]=0
     level1_cnt_plus[9]=0;		level1_cnt_minus[9]=0
CNarrowChannelRefiner::RedistributeLevel1_step_2: started...
	PrePass(step2):                     3696
	Brick chains count: 7694
	Level 1 changed: 4242 / 6110
	Sum (level 1 changed): 3899
	AfterPass(step2):                   4941
CNarrowChannelRefiner::RedistributeLevel1_step_2: finished in 0.042 s
Level1 statistics:
     level1_cnt_plus[1]=4941;		level1_cnt_minus[1]=0
     level1_cnt_plus[2]=0;		level1_cnt_minus[2]=0
     level1_cnt_plus[3]=0;		level1_cnt_minus[3]=0
     level1_cnt_plus[4]=0;		level1_cnt_minus[4]=0
     level1_cnt_plus[5]=0;		level1_cnt_minus[5]=0
     level1_cnt_plus[6]=0;		level1_cnt_minus[6]=0
     level1_cnt_plus[7]=0;		level1_cnt_minus[7]=0
     level1_cnt_plus[8]=0;		level1_cnt_minus[8]=0
     level1_cnt_plus[9]=0;		level1_cnt_minus[9]=0
CNarrowChannelRefiner::RedistributeLevel1_step_3_new: started...
	PrePass(step3):                     4941
	Distribute level_1 on level = 0
	Front spread algorithm. Partition count = 16
	Time (front spread): 0.000 s
	Groups count = 2
	Changed level 1 count = 0
	Distribute level_1 on level = 1
	Front spread algorithm. Partition count = 16
	Time (front spread): 0.000 s
	Groups count = 42
	Changed level 1 count = 101
	AfterPass(step3):                   5042
CNarrowChannelRefiner::RedistributeLevel1_step_3_new: finished in 0.001 s
Level1 statistics:
     level1_cnt_plus[1]=4941;		level1_cnt_minus[1]=101
     level1_cnt_plus[2]=0;		level1_cnt_minus[2]=0
     level1_cnt_plus[3]=0;		level1_cnt_minus[3]=0
     level1_cnt_plus[4]=0;		level1_cnt_minus[4]=0
     level1_cnt_plus[5]=0;		level1_cnt_minus[5]=0
     level1_cnt_plus[6]=0;		level1_cnt_minus[6]=0
     level1_cnt_plus[7]=0;		level1_cnt_minus[7]=0
     level1_cnt_plus[8]=0;		level1_cnt_minus[8]=0
     level1_cnt_plus[9]=0;		level1_cnt_minus[9]=0
MMP (ncr): locals=16, allc_sz=13.08 MB, used_sz=12.03 MB, blks-min-max=9/17
-----------------------------------------------------------------------
MSH format builder (Iteration 0)
-----------------------------------------------------------------------
Memory Working Set Current = 72.89 Mb, Memory Working Set Peak = 83.84 Mb
Memory Private Bytes Current = 79.72 Mb, Memory Private Bytes Peak = 89.40 Mb
Process Threads Number: 22
-----------------------------------------------------------------------
Total bricks count: 6110
-----------------------------------------------------------------------
MSH (Real Geometry) format constructor:
	Geom    Count = 2
	Bodyset Count = 2
	3D task
	Getting parser brick sets...OK (0.000 s)

	Min x-stack xeps = 0.000114217
	D / dh / eps [axis=0] = (0.12024, 0.00751264, 7.51264e-06)
	D / dh / eps [axis=1] = (0.324107, 0.00810046, 8.10046e-06)
	D / dh / eps [axis=2] = (0.12024, 0.00751327, 7.51327e-06)
	Time (xeps): 0.000 s
Level 1
	Set (0)  size: 2760
	Set (0)  time: 0.033 s
	Set (1)  size: 2760
	Set (1)  time: 0.022 s
Level 0
	Set (0)  size: 293
	Set (0)  time: 0.001 s
	Set (1)  size: 297
	Set (1)  time: 0.001 s

	Spread npq bricks...17 marked (0.001 s)

Result:
	Bricks number:                        6110

	Memory usage:                         2.371 MB
	Memory usage (per brick):             0.397 KB
	Construction time:                    0.060 s

	Topology features:
	------------------
	- High quality bricks                   99.54 % (6082)
	- Medium quality bricks                  0.46 % (28)
	- Bad quality bricks                     0.00 % (0)
	- NPQ bricks                             0.92 % (56)
	- Type-1 bricks                         49.46 % (3022)
	- Ribs corrected bricks                  0.00 % (0)
	- Points with geom-info (bricks)         0.95 % (58)
	- Points with closest-info (bricks)      0.00 % (0)
	- Triangulated by center (bricks)        0.72 % (44)
	- Facet w-faces mergings (bricks)        0.00 % (0)
	- To refine (bricks)                     0.00 % (0)
	- Points-count                           0.00 % (0)
	- T-self-intersection-all (bricks)       0.00 % (0)
	- T-self-intersection-simple (bricks)    0.00 % (0)
	- T-self-intersection-complex (bricks)   0.00 % (0)
	- NPQ by reason 1 u-shape                0.33 % (20)
	- NPQ by reason 2 tri-by-ctr             0.13 % (8)
	- NPQ by reason 3 ray-correction         0.00 % (0)
	- NPQ by reason 4 t-self-intersection    0.00 % (0)
	- NPQ by reason 5 non-good               0.46 % (28)
	- NPQ by reason 6 npq-worker             0.00 % (0)

-----------------------------------------------------------------------
Memory Working Set Current = 95.76 Mb, Memory Working Set Peak = 95.76 Mb
Memory Private Bytes Current = 100.43 Mb, Memory Private Bytes Peak = 100.43 Mb
Process Threads Number: 22
-----------------------------------------------------------------------
-----------------------------------------------------------------------
msh-iterations: 1
-----------------------------------------------------------------------
high---q-brick-count =  99.54 % (6110 6082)
medium-q-brick-count =   0.46 % (6110 28)
bad----q-brick-count =   0.00 % (6110 0)
np-----q-brick-count =   1.19 % (6110 73)
-----------------------------------------------------------------------
Free brick parser storage...OK(0.005 s)
-----------------------------------------------------------------------
Memory Working Set Current = 90.22 Mb, Memory Working Set Peak = 95.77 Mb
Memory Private Bytes Current = 97.46 Mb, Memory Private Bytes Peak = 100.43 Mb
Process Threads Number: 22
-----------------------------------------------------------------------
-----------------------------------------------------------------------
MSH --> BCF format (Iteration 0)...
BCF collector...(remove mode=0)
	Time (alloc counter per brick): 0.000 s
	Brick    count: 6110
	Av.f all count: 4661
	Av.s all count: 5732
	Av.f pid count: 3441
	Av.s pid count: 3864
	Faces fs count: 8567
	Faces ff count: 0
	Faces ss count: 0
	Faces bb count: 0
	Faces fe count: 0
	Faces se count: 1602
	Faces fw count: 10169
	Faces af count: 12070
	Faces as count: 14915
	Time (all count): 	0.001 s
	Time (bcf alloc): 	0.001 s
	Time (shifts alloc): 	0.000 s
	Time (shifts init): 	0.000 s
	Time (bcf fill): 	0.001 s
	Time (add av to faces): 0.000 s
	Time (add faces to av): 0.001 s
Time (bcf collect): 		0.006 s
	AV checker...
		Hole marker...
	Front spread algorithm. Partition count = 16
	Front spread algorithm. Partition count = 16
	Time (front spread): 0.001 s
	Time (front spread): 0.001 s
			Subdomains:               1.
			Subdomains (cond):        2.
			Time (subdomain constructors): 0.001 s.
			Time (potential-hole marking): 	0.000 s
	Front spread algorithm. Partition count = 16
	Time (front spread): 0.000 s
			Hole av set size = 0
			Hole checking...
			Time (hole checking): 0.000 s.
			0 av(s) are marked to fill 0 subdomain holes.
		Time (hole marker): 0.002 s.
	Time (check av): 	0.004 s
	Subdomain checker...
	Front spread algorithm. Partition count = 16
	Time (front spread): 0.001 s
		Subdomains construction time: 0.001 s.
		Subdomains sort time: 0.000 s.
			Subdomain 0 (geom_ind=0): 4661 av
			Subdomain 1 (geom_ind=1): 5472 av
			Subdomain 2 (geom_ind=1): 260 av
		gi: 0, real bodies: 1
		gi: 0, subdomains:  1
		gi: 1, real bodies: 0
		gi: 1, subdomains:  2
		Defect subdomains: 0
	Time (check subdoms): 	0.001 s
Time (bcf iteration total): 	0.012 s
	Sum of fw-nb: 		4715
	Time (fw-nb): 		0.001 s
	Fixed mutual fw-nb:     4715 (bb: 0)
	Time (fw-nb mutual): 	0.001 s
	Time (fw-nb sort): 	0.000 s
	Fw-opt BEFORE total:    10169 (fs=8567, ff=0, ss=0)
	Fw-opt AFTER  total:    8645 (fs=7043, ff=0, ss=0, failed fw/br=7/0, big_curv=82, big_poly=2)
	Fw-opt RESULT:          1524 (res/(fs+ff+ss) = 17.79 %)
	Time (fw-opt): 		0.001 s
	Time (fw-re-order): 	0.001 s
	Sum of fw-nb: 		17228
	Time (fw-nb): 		0.004 s
	Fixed mutual fw-nb:     17228 (bb: 0)
	Time (fw-nb mutual): 	0.001 s
	Time (fw-nb sort): 	0.000 s
	Time (rfd fix): 	0.000 s
	Time (av convexity): 	0.001 s
	Time (av small volume): 0.000 s
	Time (diagonal fw-nb): 	0.007 s
	Fixed mutual fw-nb:     0 (bb: 0)
	Time (fw-nb mutual): 	0.001 s
	Time (fw-nb sort): 	0.000 s
	Front spread algorithm. Partition count = 16
	Time (front spread): 0.000 s
	Fluid subdomains: 1
	Faces fw-nb diff sd:    0
	Time (fw-nb diff sd): 	0.001 s
Time (bcf calc): 		0.020 s
-----------------------------------------------------------------------
Time (bcf total): 		0.032 s
-----------------------------------------------------------------------
bcf-iterations: 1
-----------------------------------------------------------------------
-----------------------------------------------------------------------
Mega-cv constructor for fluid...
	 525 av's is treated as thin
Relative size generator (threshold = 0.05)...
	Iteration 1 (small cluster count = 201)
	Iteration 2 (small cluster count = 89)
	Iteration 3 (small cluster count = 8)
	Iteration 4 (small cluster count = 2)
	Iteration 5 (small cluster count = 0)
	 192 mega-cv's generated
	 4 mega-cv's removed
Relative size generator is completed OK (0.001 s)
Apply fa-rules to mega-cv clusters fixes...
OK (0.000 s)
There are 1 clusters with nbrs connected in more than one axis
Convert clusters:
	 188 mega-cv's total
Mega-cv count: 188
Time (mega-cv fill): 	0.000 s
Time (mega-cv total): 	0.003 s
-----------------------------------------------------------------------
Mixing plane rotation regions: NO.
Sliding mesh rotation regions: NO.
Fluid/fluid faces: NO.
-----------------------------------------------------------------------
Memory Working Set Current = 98.34 Mb, Memory Working Set Peak = 98.34 Mb
Memory Private Bytes Current = 103.12 Mb, Memory Private Bytes Peak = 103.12 Mb
Process Threads Number: 22
-----------------------------------------------------------------------
----------------------------------------------------------
BCF --> BCF.GEOMSUBDOM (bridge arrays):
MESH (0):
	Front spread algorithm. Partition count = 16
	Time (front spread): 0.000 s
	Fluid Subdom Constructor: 1 subdom(s).
	Front spread algorithm. Partition count = 16
	Time (front spread): 0.000 s
	Solid Subdom Constructor: 2 subdom(s).
	Front spread algorithm. Partition count = 16
	Time (front spread): 0.000 s
	Net Asm Subdom Constructor: 0 subdom(s).
	GEOMSUBDOM (0): gi=0 Fluid av=4661 cv=4460 fa=12070 fw=7043 V=1.682817e-03
	Cache data...OK
	GEOMSUBDOM (1): gi=1 Solid av=5472 cv=5472 fa=14292 fw=8331 V=2.953832e-03
	Cache data...OK
	GEOMSUBDOM (2): gi=1 Solid av=260 cv=260 fa=623 fw=314 V=4.917292e-05
	Cache data...OK
	Setting nb of w-faces...OK (0.001 s).
	Correcting nb of w-faces...
	Time(correct_fw_nb)=0.001 s

MESH (0) checking:
	GEOMSUBDOM (0):fa_s=0.5432882909829273 fw_s=0.2163890369504037 fw_nb=60592
	              :d_const(36)=3.79791e-11 d_linear(275)=2.13465e-10
	GEOMSUBDOM (1):fa_s=0.7492639773754153 fw_s=0.3901357959209965 fw_nb=64666
	              :d_const(2427)=2.26771e-11 d_linear(547)=2.35319e-10
	GEOMSUBDOM (2):fa_s=0.0197187933594635 fw_s=0.0110508748049498 fw_nb=2512
	              :d_const(175)=9.53399e-11 d_linear(222)=2.326e-10
MESH (0) checking: OK.
Time (MDS): 	0.009 s
----------------------------------------------------------
-----------------------------------------------------------------------
Memory Working Set Current = 100.56 Mb, Memory Working Set Peak = 100.56 Mb
Memory Private Bytes Current = 103.59 Mb, Memory Private Bytes Peak = 103.59 Mb
Process Threads Number: 22
-----------------------------------------------------------------------

-----------------------------------------------------------------------
BCF CHECKSUM DATA (Mesh 0):

BRICK |Level1| Sum:               5042
FACE_A Area Sum:   G.Fluid        0.5432882909829272
FACE_A Area Sum:   G.Solid        0.7689827707348789
FACE_W Area Sum:                  0.4011866707259463
FACE_W Nb   Sum:                  67178
FACE_W min curvatures sum:        -322488.00375930
FACE_W max curvatures sum:        349562.95880852
AV Max Disbalance(Const) :        1.18737e-10 (cid=3167, t={5, 5, 8}, avid=2372, pid=1763)
AV Max Disbalance(Linear):        2.97684e-10 (cid=2240, t={4, 2, 6}, avid=1551, pid=1221)
-----------------------------------------------------------------------


-----------------------------------------------------------------------
MESHER TOPOLOGY DATA:

BRICKS: Total                 6110
BRICKS: Fluid                 4242
BRICKS: Fluid Partial         3022
BRICKS: Type 1                3022
BRICKS: Max AV number         4
BRICKS: |level1| sum          5042


AV:     G.Total               10393
AV:     G.Fluid               4661
AV:     G.Solid               5732

AV:     G.Fluid Thin Profile   17.94 % (836)
AV:     G.Solid Thin Profile    7.21 % (413)

AV:     G.Fluid Thin For Mega  11.26 % (525)
AV:     G.Solid Thin For Mega   4.61 % (264)

AV:     G.Fluid Non-Convex     22.27 % (1038)
AV:     G.Solid Non-Convex     16.91 % (969)

AV:     G.Fluid Non-Ess-Convex     18.28 % (852)
AV:     G.Solid Non-Ess-Convex     12.18 % (698)

FACE_A: G.Fluid          (af) 12070 (partially opened 7278)
FACE_A: G.Solid          (as) 14915 (partially opened 8047)

FACE_W: G.Total                 8645        Brick/Bound
FACE_W: G.Fluid/Solid    (fs_g) 7043        0           
FACE_W: G.Fluid/Fluid    (ff_g) 0           0           
FACE_W: G.Solid/Solid    (ss_g) 0           0           
FACE_W: G.Fluid/Void     (fv_g) 0           0           
FACE_W: G.Fluid/External (fe_g) 0
FACE_W: G.Solid/External (se_g) 1602

AV/CV max fa count (on brick side):5
AV/CV max fw count:                5
AV/CV max fw poly count:           44

MEMORY: Total                   4.045 MB
MEMORY: Per Brick               0.678 KB
-----------------------------------------------------------------------

-----------------------------------------------------------------------
Connectivities information:
	Number of conns: 0
-----------------------------------------------------------------------
	Time (gap size): 	0.007 s
-----------------------------------------------------------------------
Memory Working Set Current = 102.15 Mb, Memory Working Set Peak = 102.15 Mb
Memory Private Bytes Current = 105.32 Mb, Memory Private Bytes Peak = 105.32 Mb
Process Threads Number: 22
-----------------------------------------------------------------------
-----------------------------------------------------------------------
Calculating curvature and tolerance criteria...
Curvature: min=0 (cid=0) max=3.14159 (cid=551)
Tolerance: min=0 (cid=0) max=0.00763562 (cid=566)
Calculating curvature and tolerance criteria takes 0.044 s
-----------------------------------------------------------------------
MESH Build(FS) finished. Time=0.354 s
-----------------------------------------------------------------------
Current CPU = 1 sec

Nx=8
Ny=20
Nz=8
Max BRICK Level=1
Mesh Level=1
-----------------CModelBodies2MeshMapper::CollectData started -------------------------------
	Time (collect mesh base data): 0.002 s.
	Time (collect model bodies mapping): 0.000 s.
	Time (collect positive bodies mapping): 0.000 s.
	Time (collect fluid bodies mapping): 0.002 s.
-----------------CModelBodies2MeshMapper Report -------------------------------
FluidDomains 1 SolidDomains 2 VoidDomains 0 
Domains RefIndexes
----------------- -------------------------------
	ModelBodies
Total resolved Bodies 0 BodySets 0

--------------------------------------------------------------------------
	Positive geometry Bodies
Total resolved Bodies 1 BodySets 1
BodySet 0
	Bodies list:
			#0	Name: ;	ID: fbd5b1d8-b9c5-427e-8f91-79f1b8e3c256
	Domains list:mesh type	 (0, 1)		 0 


--------------------------------------------------------------------------
	Fluid regions
Total resolved Bodies 1 BodySets 2
BodySet 0	Material: Water; 
	Bodies list:
	Domains list:
BodySet 1	Material: Water; 
	Bodies list:
			#0	Name: ;	ID: fbd5b1d8-b9c5-427e-8f91-79f1b8e3c256
	Domains list:mesh type	 (0, 1)		 0 


--------------------------------------------------------------------------
Collect data takes...0.005 s
-----------------CModelBodies2MeshMapper::CollectData finished successfully-------------------
Saving initial mesh in: C:\Users\anson\Desktop\Gen1_Vacuum\Acrylic_tube_ver\1\1.fld .
Storing results...
	Estimated CPT size=2.172 MB.
Write section 436 takes 0.000 s
Write section 101 takes 0.000 s
Write section 400 takes 0.002 s
Write section 437 takes 0.001 s
Write mesh/bricks section: 0.004 s
Write section 408 takes 0.011 s
Write section 427 takes 0.001 s
Write msh format: 0.012 s
Write section 406 takes 0.002 s
Write section 405 takes 0.000 s
Write section 401 takes 0.004 s
Write section 402 takes 0.007 s
Write section 407 takes 0.002 s
Write section 421 takes 0.005 s
Write section 404 takes 0.001 s
Write section 416 takes 0.001 s
Write section 411 takes 0.001 s
Write section 413 takes 0.000 s
Write section 432 takes 0.000 s
Write plain bcf: 0.022 s
Write section 448 takes 0.002 s
Write section 446 takes 0.000 s
Write section 516 takes 0.000 s
	Time (write bcf): 0.041 s
X_STACK_LIST::write_x_stack_list4: started...
X_STACK_LIST::write_x_stack_list4: finished in 0.002 s
Storing results takes 0.047 s
-----------------------------------------------------------------------
Memory Working Set Current = 109.86 Mb, Memory Working Set Peak = 110.57 Mb
Memory Private Bytes Current = 113.16 Mb, Memory Private Bytes Peak = 114.16 Mb
Process Threads Number: 22
-----------------------------------------------------------------------
Cleaning memory...
-----------------------------------------------------------------------
Start to free mesher data...
MMP (msh): locals=16, allc_sz=1.09 MB, used_sz=0.82 MB, blks-min-max=1/5
MMP (brx): locals=16, allc_sz=5.00 MB, used_sz=4.40 MB, blks-min-max=6/10
MMP (bcf): locals=16, allc_sz=7.46 MB, used_sz=7.06 MB, blks-min-max=6/29
MMP (xsl): locals=16, allc_sz=0.38 MB, used_sz=0.25 MB, blks-min-max=1/2
Free xsl...            OK	Time=0.000 s
Free ray collector...  OK	Time=0.000 s
Free ray intersector...OK	Time=0.000 s
Free body sets...      OK	Time=0.010 s
Free Geometry DB takes 0.000 s
Free mesh conn...      OK	Time=0.000 s
Free geomsd...         OK	Time=0.000 s
Free mbricks...        OK	Time=0.000 s
Free hash info...      OK	Time=0.000 s
Free bricks-x...       OK	Time=0.000 s
Free bcf...            OK	Time=0.001 s
Free mesh h...         OK	Time=0.000 s
Free bricks arr..      OK	Time=0.000 s
Free bricks tree...    OK	Time=0.000 s
Free mesh pools...     OK	Time=0.004 s
Free bodies mapper...  OK	Time=0.000 s
Free geom crits...     OK	Time=0.000 s
Free cpt regions...    OK	Time=0.000 s
Free peculiar surfs... OK	Time=0.000 s
Free sw-geometries...  OK	Time=0.000 s
Total free mesher data time: 0.018 s
-----------------------------------------------------------------------
Copying... OK
CPT size=1.558 MB (1633165 bytes).
Mesh generation normally finished at	16.10.2024	20:51:49
Mesher CPU = 1 sec
Mesher is finished at	16.10.2024	20:51:49
-----------------------------------------------------------------------
Memory Working Set Current = 47.10 Mb, Memory Working Set Peak = 110.57 Mb
Memory Private Bytes Current = 48.84 Mb, Memory Private Bytes Peak = 114.16 Mb
Process Threads Number: 22
-----------------------------------------------------------------------
Algebra Pool      : mem_usage = 0.12 Mb, allocated count = 0
-----------------------------------------------------------------------
Memory Working Set Current = 47.03 Mb, Memory Working Set Peak = 110.57 Mb
Memory Private Bytes Current = 48.78 Mb, Memory Private Bytes Peak = 114.16 Mb
Process Threads Number: 22
Process Threads Number Peak: 22
-----------------------------------------------------------------------
Log ended at 16.10.2024	20:51:49
